<?xml version="1.0" encoding="UTF-8"?>
<!-- Generated by org.testng.reporters.JUnitXMLReporter -->
<testsuite hostname="DESKTOP-BNAETR8" ignored="1" name="Default test" tests="1" failures="0" timestamp="2021-06-18T13:53:12 IST" time="28.906" errors="0">
  <testcase name="verifyTestAutomation" time="11.086" classname="com.Blogspot.Tests.Testautomation"/>
  <testcase name="@BeforeSuite intilize" time="0.0" classname="com.Blogspot.globalTest.BaseTest">
    <ignored/>
  </testcase> <!-- @BeforeSuite intilize -->
</testsuite> <!-- Default test -->
