<?xml version="1.0" encoding="UTF-8"?>
<testsuite xmlns:xsi="http://www.w3.org/2001/XMLSchema-instance" xsi:noNamespaceSchemaLocation="https://maven.apache.org/surefire/maven-surefire-plugin/xsd/surefire-test-report-3.0.xsd" version="3.0" name="TestSuite" time="54.23" tests="1" errors="0" skipped="0" failures="0">
  <properties>
[...]
</properties>
  <testcase name="verifyTestAutomation" classname="com.Blogspot.Tests.Testautomation" time="21.09">
    <system-out><![CDATA[Automation Testing Practice
displaying correct msg as Automation Testing PracticeTest Pass
Press a button!
displaying correct msg as Press a button!Test Pass
Slower
Slow
Medium
Fast
Faster

TXT file
PDF file
DOC file
Other file

1
2
3
4
5

Google
Yahoo
Iphone
Bing

Cat
Baby Cat
Big Baby Cat
Avatar
ABC-abc-123
Hi this is Pavan
Welcome to Selenium
7
4
  BookName  Learn Selenium  Amit  Selenium
  Learn Java  Mukesh  Java
  Learn JS  Animesh  Javascript
  Master In Selenium  Mukesh  Selenium
  Master In Java  Amod  JAVA
]]></system-out>
    <system-err><![CDATA[log4j:WARN Continuable parsing error 5 and column 84
log4j:WARN Attribute "xmlns:log4j" with value "https://jakarta.apache.org/log4j/" must have a value of "http://jakarta.apache.org/log4j/".
Starting ChromeDriver 91.0.4472.19 (1bf021f248676a0b2ab3ee0561d83a59e424c23e-refs/branch-heads/4472@{#288}) on port 24638
Only local connections are allowed.
Please see https://chromedriver.chromium.org/security-considerations for suggestions on keeping ChromeDriver safe.
ChromeDriver was started successfully.
Jun 18, 2021 4:08:20 PM org.openqa.selenium.remote.ProtocolHandshake createSession
INFO: Detected dialect: W3C
]]></system-err>
  </testcase>
</testsuite>